2009-08-24 09:43:18,125 WARN  [WebContainer : 0] servlet.CheckLogin (com.jcorporate.expresso.core.servlet.CheckLogin.loginViaCookie(CheckLogin.java:274)) - 'db' in cookie with value '' was not a valid config key.
2009-08-24 09:44:57,984 WARN  [WebContainer : 0] servlet.CheckLogin (com.jcorporate.expresso.core.servlet.CheckLogin.loginViaCookie(CheckLogin.java:274)) - 'db' in cookie with value '' was not a valid config key.
2009-08-24 09:44:58,000 WARN  [WebContainer : 2] servlet.CheckLogin (com.jcorporate.expresso.core.servlet.CheckLogin.loginViaCookie(CheckLogin.java:274)) - 'db' in cookie with value '' was not a valid config key.
2009-08-24 10:20:23,312 WARN  [WebContainer : 0] servlet.CheckLogin (com.jcorporate.expresso.core.servlet.CheckLogin.loginViaCookie(CheckLogin.java:274)) - 'db' in cookie with value '' was not a valid config key.
2009-08-24 10:20:23,343 WARN  [WebContainer : 1] servlet.CheckLogin (com.jcorporate.expresso.core.servlet.CheckLogin.loginViaCookie(CheckLogin.java:274)) - 'db' in cookie with value '' was not a valid config key.
2009-08-24 10:26:40,250 WARN  [WebContainer : 0] servlet.CheckLogin (com.jcorporate.expresso.core.servlet.CheckLogin.loginViaCookie(CheckLogin.java:274)) - 'db' in cookie with value '' was not a valid config key.
2009-08-24 10:26:40,265 WARN  [WebContainer : 2] servlet.CheckLogin (com.jcorporate.expresso.core.servlet.CheckLogin.loginViaCookie(CheckLogin.java:274)) - 'db' in cookie with value '' was not a valid config key.
2009-08-24 10:29:26,968 WARN  [WebContainer : 2] servlet.CheckLogin (com.jcorporate.expresso.core.servlet.CheckLogin.loginViaCookie(CheckLogin.java:274)) - 'db' in cookie with value '' was not a valid config key.
2009-08-24 10:29:26,968 WARN  [WebContainer : 1] servlet.CheckLogin (com.jcorporate.expresso.core.servlet.CheckLogin.loginViaCookie(CheckLogin.java:274)) - 'db' in cookie with value '' was not a valid config key.
2009-08-24 10:29:42,625 WARN  [WebContainer : 0] servlet.CheckLogin (com.jcorporate.expresso.core.servlet.CheckLogin.loginViaCookie(CheckLogin.java:274)) - 'db' in cookie with value '' was not a valid config key.
2009-08-24 10:29:42,625 WARN  [WebContainer : 1] servlet.CheckLogin (com.jcorporate.expresso.core.servlet.CheckLogin.loginViaCookie(CheckLogin.java:274)) - 'db' in cookie with value '' was not a valid config key.
2009-08-24 10:47:39,609 WARN  [WebContainer : 1] servlet.CheckLogin (com.jcorporate.expresso.core.servlet.CheckLogin.loginViaCookie(CheckLogin.java:274)) - 'db' in cookie with value '' was not a valid config key.
2009-08-24 10:47:39,609 WARN  [WebContainer : 0] servlet.CheckLogin (com.jcorporate.expresso.core.servlet.CheckLogin.loginViaCookie(CheckLogin.java:274)) - 'db' in cookie with value '' was not a valid config key.
2009-08-24 10:48:18,500 WARN  [WebContainer : 0] servlet.CheckLogin (com.jcorporate.expresso.core.servlet.CheckLogin.loginViaCookie(CheckLogin.java:274)) - 'db' in cookie with value '' was not a valid config key.
2009-08-24 10:48:18,500 WARN  [WebContainer : 2] servlet.CheckLogin (com.jcorporate.expresso.core.servlet.CheckLogin.loginViaCookie(CheckLogin.java:274)) - 'db' in cookie with value '' was not a valid config key.
2009-08-24 10:50:46,109 WARN  [WebContainer : 2] servlet.CheckLogin (com.jcorporate.expresso.core.servlet.CheckLogin.loginViaCookie(CheckLogin.java:274)) - 'db' in cookie with value '' was not a valid config key.
2009-08-24 10:50:46,109 WARN  [WebContainer : 1] servlet.CheckLogin (com.jcorporate.expresso.core.servlet.CheckLogin.loginViaCookie(CheckLogin.java:274)) - 'db' in cookie with value '' was not a valid config key.
2009-08-24 11:10:52,484 WARN  [WebContainer : 0] dbobj.DBField (com.jcorporate.expresso.core.dbobj.DBField.<init>(DBField.java:97)) - Field name 'COD_GRUPO_LIBRO_AREA' is over 18 characters - may not be portable
2009-08-24 14:54:37,468 WARN  [WebContainer : 1] servlet.CheckLogin (com.jcorporate.expresso.core.servlet.CheckLogin.loginViaCookie(CheckLogin.java:274)) - 'db' in cookie with value '' was not a valid config key.
2009-08-24 14:55:13,109 ERROR [WebContainer : 1] servlet.CheckLogin (com.jcorporate.expresso.core.servlet.CheckLogin.logInAsNone(CheckLogin.java:207)) - com.jcorporate.expresso.core.db.DBException: Unable to execute statement: SELECT UpdateDate, AccountStatus, RegComplete, ExpUid, CreateDate, RegDomId, EMail, UserName, EmailValCode, Passwd, LoginName FROM USERS WHERE LoginName = 'NONE' (com.jcorporate.expresso.services.dbobj.DefaultUserInfo, db/context 'default'):Excepción de E/S: Connection reset
2009-08-24 14:55:21,343 WARN  [WebContainer : 1] servlet.CheckLogin (com.jcorporate.expresso.core.servlet.CheckLogin.loginViaCookie(CheckLogin.java:274)) - 'db' in cookie with value '' was not a valid config key.
2009-08-24 14:55:21,359 WARN  [WebContainer : 2] servlet.CheckLogin (com.jcorporate.expresso.core.servlet.CheckLogin.loginViaCookie(CheckLogin.java:274)) - 'db' in cookie with value '' was not a valid config key.
2009-08-24 14:55:30,140 WARN  [WebContainer : 2] servlet.CheckLogin (com.jcorporate.expresso.core.servlet.CheckLogin.loginViaCookie(CheckLogin.java:274)) - 'db' in cookie with value '' was not a valid config key.
2009-08-24 14:55:30,140 WARN  [WebContainer : 3] servlet.CheckLogin (com.jcorporate.expresso.core.servlet.CheckLogin.loginViaCookie(CheckLogin.java:274)) - 'db' in cookie with value '' was not a valid config key.
2009-08-24 14:55:56,750 ERROR [WebContainer : 1] servlet.CheckLogin (com.jcorporate.expresso.core.servlet.CheckLogin.logInAsNone(CheckLogin.java:207)) - com.jcorporate.expresso.core.db.DBException: Unable to execute statement: SELECT UpdateDate, AccountStatus, RegComplete, ExpUid, CreateDate, RegDomId, EMail, UserName, EmailValCode, Passwd, LoginName FROM USERS WHERE LoginName = 'NONE' (com.jcorporate.expresso.services.dbobj.DefaultUserInfo, db/context 'default'):Excepción de E/S: Connection reset
2009-08-24 15:19:31,718 WARN  [WebContainer : 2] servlet.CheckLogin (com.jcorporate.expresso.core.servlet.CheckLogin.loginViaCookie(CheckLogin.java:274)) - 'db' in cookie with value '' was not a valid config key.
2009-08-24 15:19:31,718 WARN  [WebContainer : 3] servlet.CheckLogin (com.jcorporate.expresso.core.servlet.CheckLogin.loginViaCookie(CheckLogin.java:274)) - 'db' in cookie with value '' was not a valid config key.
2009-08-24 16:11:33,937 INFO  [server.startup : 0] logging.LogManager (com.jcorporate.expresso.core.logging.LogManager.initialize(LogManager.java:180)) - Expresso Logging Set Up, loading other logging configurations
2009-08-24 16:11:33,937 INFO  [server.startup : 0] logging.LogManager (com.jcorporate.expresso.core.logging.LogManager.initialize(LogManager.java:270)) - com.jcorporate.expresso.core.logging.LogManager.initialize():All configuration files loaded. Loaded 1 XML logging config files
2009-08-24 16:11:33,937 INFO  [server.startup : 0] logging.LogManager (com.jcorporate.expresso.core.logging.LogManager.<init>(LogManager.java:65)) - Logging Initialized
2009-08-24 16:11:33,937 INFO  [server.startup : 0] misc.ConfigManager (com.jcorporate.expresso.core.misc.ConfigManager.load(ConfigManager.java:942)) - Initializing connection pool(s)
2009-08-24 16:11:33,937 INFO  [server.startup : 0] misc.ConfigManager (com.jcorporate.expresso.core.misc.ConfigManager.dbInitialize(ConfigManager.java:202)) - Initializing connection pool(s)
2009-08-24 16:11:33,937 INFO  [server.startup : 0] misc.ConfigManager (com.jcorporate.expresso.core.misc.ConfigManager.dbInitialize(ConfigManager.java:208)) - Initializing pool for context 'default'
2009-08-24 16:11:33,937 INFO  [server.startup : 0] misc.ConfigManager (com.jcorporate.expresso.core.misc.ConfigManager.dbInitialize(ConfigManager.java:234)) - DB connection testing disabled
2009-08-24 16:11:33,937 INFO  [server.startup : 0] misc.ConfigManager (com.jcorporate.expresso.core.misc.ConfigManager.dbInitialize(ConfigManager.java:244)) - All connection pools initialized
2009-08-24 16:11:33,937 INFO  [server.startup : 0] misc.ConfigManager (com.jcorporate.expresso.core.misc.ConfigManager.mapOtherDBs(ConfigManager.java:1101)) - Reading DBObject mappings to other databases, context 'default'...
2009-08-24 16:11:33,953 WARN  [server.startup : 0] security.AbstractStringEncryption (com.jcorporate.expresso.core.security.AbstractStringEncryption.preparePassKey(AbstractStringEncryption.java:146)) - Didn't find cryptoKey in config file, using default key.
2009-08-24 16:11:33,953 WARN  [server.startup : 0] security.AbstractStringEncryption (com.jcorporate.expresso.core.security.AbstractStringEncryption.preparePassKey(AbstractStringEncryption.java:146)) - Didn't find cryptoKey in config file, using default key.
2009-08-24 16:11:34,687 INFO  [server.startup : 0] misc.ConfigManager (com.jcorporate.expresso.core.misc.ConfigManager.mapOtherDBs(ConfigManager.java:1116)) - Added 0 entries to the DBObject Other Database Map.
2009-08-24 16:11:34,687 INFO  [server.startup : 0] misc.ConfigManager (com.jcorporate.expresso.core.misc.ConfigManager.load(ConfigManager.java:949)) - Reading setup values
2009-08-24 16:11:34,906 INFO  [server.startup : 0] misc.ConfigManager (com.jcorporate.expresso.core.misc.ConfigManager.load(ConfigManager.java:958)) - Expresso initialization complete
2009-08-24 16:15:06,390 INFO  [ORB.thread.pool : 1] logging.LogManager (com.jcorporate.expresso.core.logging.LogManager.initialize(LogManager.java:180)) - Expresso Logging Set Up, loading other logging configurations
2009-08-24 16:15:06,390 INFO  [ORB.thread.pool : 1] logging.LogManager (com.jcorporate.expresso.core.logging.LogManager.initialize(LogManager.java:270)) - com.jcorporate.expresso.core.logging.LogManager.initialize():All configuration files loaded. Loaded 1 XML logging config files
2009-08-24 16:15:06,390 INFO  [ORB.thread.pool : 1] logging.LogManager (com.jcorporate.expresso.core.logging.LogManager.<init>(LogManager.java:65)) - Logging Initialized
2009-08-24 16:15:06,390 INFO  [ORB.thread.pool : 1] misc.ConfigManager (com.jcorporate.expresso.core.misc.ConfigManager.load(ConfigManager.java:942)) - Initializing connection pool(s)
2009-08-24 16:15:06,390 INFO  [ORB.thread.pool : 1] misc.ConfigManager (com.jcorporate.expresso.core.misc.ConfigManager.dbInitialize(ConfigManager.java:202)) - Initializing connection pool(s)
2009-08-24 16:15:06,390 INFO  [ORB.thread.pool : 1] misc.ConfigManager (com.jcorporate.expresso.core.misc.ConfigManager.dbInitialize(ConfigManager.java:208)) - Initializing pool for context 'default'
2009-08-24 16:15:06,390 INFO  [ORB.thread.pool : 1] misc.ConfigManager (com.jcorporate.expresso.core.misc.ConfigManager.dbInitialize(ConfigManager.java:234)) - DB connection testing disabled
2009-08-24 16:15:06,390 INFO  [ORB.thread.pool : 1] misc.ConfigManager (com.jcorporate.expresso.core.misc.ConfigManager.dbInitialize(ConfigManager.java:244)) - All connection pools initialized
2009-08-24 16:15:06,406 INFO  [ORB.thread.pool : 1] misc.ConfigManager (com.jcorporate.expresso.core.misc.ConfigManager.mapOtherDBs(ConfigManager.java:1101)) - Reading DBObject mappings to other databases, context 'default'...
2009-08-24 16:15:06,421 WARN  [ORB.thread.pool : 1] security.AbstractStringEncryption (com.jcorporate.expresso.core.security.AbstractStringEncryption.preparePassKey(AbstractStringEncryption.java:146)) - Didn't find cryptoKey in config file, using default key.
2009-08-24 16:15:06,421 WARN  [ORB.thread.pool : 1] security.AbstractStringEncryption (com.jcorporate.expresso.core.security.AbstractStringEncryption.preparePassKey(AbstractStringEncryption.java:146)) - Didn't find cryptoKey in config file, using default key.
2009-08-24 16:15:07,031 INFO  [ORB.thread.pool : 1] misc.ConfigManager (com.jcorporate.expresso.core.misc.ConfigManager.mapOtherDBs(ConfigManager.java:1116)) - Added 0 entries to the DBObject Other Database Map.
2009-08-24 16:15:07,031 INFO  [ORB.thread.pool : 1] misc.ConfigManager (com.jcorporate.expresso.core.misc.ConfigManager.load(ConfigManager.java:949)) - Reading setup values
2009-08-24 16:15:07,296 INFO  [ORB.thread.pool : 1] misc.ConfigManager (com.jcorporate.expresso.core.misc.ConfigManager.load(ConfigManager.java:958)) - Expresso initialization complete
2009-08-24 16:18:41,234 WARN  [WebContainer : 0] servlet.CheckLogin (com.jcorporate.expresso.core.servlet.CheckLogin.loginViaCookie(CheckLogin.java:274)) - 'db' in cookie with value '' was not a valid config key.
2009-08-24 16:31:13,640 WARN  [WebContainer : 0] servlet.CheckLogin (com.jcorporate.expresso.core.servlet.CheckLogin.loginViaCookie(CheckLogin.java:274)) - 'db' in cookie with value '' was not a valid config key.
2009-08-24 16:31:13,656 WARN  [WebContainer : 2] servlet.CheckLogin (com.jcorporate.expresso.core.servlet.CheckLogin.loginViaCookie(CheckLogin.java:274)) - 'db' in cookie with value '' was not a valid config key.
2009-08-24 17:31:00,656 WARN  [WebContainer : 1] servlet.CheckLogin (com.jcorporate.expresso.core.servlet.CheckLogin.loginViaCookie(CheckLogin.java:274)) - 'db' in cookie with value '' was not a valid config key.
2009-08-24 17:31:06,640 WARN  [WebContainer : 1] servlet.CheckLogin (com.jcorporate.expresso.core.servlet.CheckLogin.loginViaCookie(CheckLogin.java:274)) - 'db' in cookie with value '' was not a valid config key.
2009-08-24 17:31:06,656 WARN  [WebContainer : 2] servlet.CheckLogin (com.jcorporate.expresso.core.servlet.CheckLogin.loginViaCookie(CheckLogin.java:274)) - 'db' in cookie with value '' was not a valid config key.
2009-08-24 17:44:14,234 WARN  [WebContainer : 0] servlet.CheckLogin (com.jcorporate.expresso.core.servlet.CheckLogin.loginViaCookie(CheckLogin.java:274)) - 'db' in cookie with value '' was not a valid config key.
2009-08-24 17:44:14,250 WARN  [WebContainer : 2] servlet.CheckLogin (com.jcorporate.expresso.core.servlet.CheckLogin.loginViaCookie(CheckLogin.java:274)) - 'db' in cookie with value '' was not a valid config key.
2009-08-24 17:51:47,312 WARN  [WebContainer : 0] servlet.CheckLogin (com.jcorporate.expresso.core.servlet.CheckLogin.loginViaCookie(CheckLogin.java:274)) - 'db' in cookie with value '' was not a valid config key.
2009-08-24 17:51:47,312 WARN  [WebContainer : 1] servlet.CheckLogin (com.jcorporate.expresso.core.servlet.CheckLogin.loginViaCookie(CheckLogin.java:274)) - 'db' in cookie with value '' was not a valid config key.
2009-08-24 18:16:08,750 WARN  [WebContainer : 4] dbobj.DBField (com.jcorporate.expresso.core.dbobj.DBField.<init>(DBField.java:97)) - Field name 'COD_GRUPO_LIBRO_AREA' is over 18 characters - may not be portable
2009-08-25 10:20:59,687 WARN  [WebContainer : 4] servlet.CheckLogin (com.jcorporate.expresso.core.servlet.CheckLogin.loginViaCookie(CheckLogin.java:274)) - 'db' in cookie with value '' was not a valid config key.
2009-08-25 10:21:21,015 ERROR [WebContainer : 4] servlet.CheckLogin (com.jcorporate.expresso.core.servlet.CheckLogin.logInAsNone(CheckLogin.java:207)) - com.jcorporate.expresso.core.db.DBException: Unable to execute statement: SELECT UpdateDate, AccountStatus, RegComplete, ExpUid, CreateDate, RegDomId, EMail, UserName, EmailValCode, Passwd, LoginName FROM USERS WHERE LoginName = 'NONE' (com.jcorporate.expresso.services.dbobj.DefaultUserInfo, db/context 'default'):Excepción de E/S: Connection reset
2009-08-25 10:21:21,421 WARN  [WebContainer : 4] servlet.CheckLogin (com.jcorporate.expresso.core.servlet.CheckLogin.loginViaCookie(CheckLogin.java:274)) - 'db' in cookie with value '' was not a valid config key.
2009-08-25 10:21:21,437 WARN  [WebContainer : 1] servlet.CheckLogin (com.jcorporate.expresso.core.servlet.CheckLogin.loginViaCookie(CheckLogin.java:274)) - 'db' in cookie with value '' was not a valid config key.
2009-08-25 10:21:42,781 ERROR [WebContainer : 4] servlet.CheckLogin (com.jcorporate.expresso.core.servlet.CheckLogin.logInAsNone(CheckLogin.java:207)) - com.jcorporate.expresso.core.db.DBException: Unable to execute statement: SELECT UpdateDate, AccountStatus, RegComplete, ExpUid, CreateDate, RegDomId, EMail, UserName, EmailValCode, Passwd, LoginName FROM USERS WHERE LoginName = 'NONE' (com.jcorporate.expresso.services.dbobj.DefaultUserInfo, db/context 'default'):Excepción de E/S: Connection reset
